2025-10-07T10:15:25+07:00 | 74:25:84:c0:02:15: [] - Connecting to MQTT broker...
2025-10-07T10:15:25+07:00 | 74:25:84:c0:02:15: [] - Successfully connected to MQTT broker
2025-10-07T10:15:25+07:00 | 74:25:84:c0:02:15: [iot/devices/device_sync_bio] - {"MacAddress":"74:25:84:c0:02:15","LstBioId":[],"DoorId":151}
2025-10-07T10:15:25+07:00 | 74:25:84:c0:02:15: [iot/server/push_biometric/74:25:84:c0:02:15] - Subscribed to topic: iot/server/push_biometric/74:25:84:c0:02:15
2025-10-07T10:15:55+07:00 | 74:25:84:c0:02:15: [iot/devices/device_sync_bio] - {"MacAddress":"74:25:84:c0:02:15","LstBioId":[],"DoorId":151}
2025-10-07T10:16:25+07:00 | 74:25:84:c0:02:15: [iot/devices/device_sync_bio] - {"MacAddress":"74:25:84:c0:02:15","LstBioId":[],"DoorId":151}
2025-10-07T10:16:55+07:00 | 74:25:84:c0:02:15: [iot/devices/device_sync_bio] - {"MacAddress":"74:25:84:c0:02:15","LstBioId":[],"DoorId":151}
2025-10-07T10:17:25+07:00 | 74:25:84:c0:02:15: [iot/devices/device_sync_bio] - {"MacAddress":"74:25:84:c0:02:15","LstBioId":[],"DoorId":151}
2025-10-07T10:17:55+07:00 | 74:25:84:c0:02:15: [iot/devices/device_sync_bio] - {"MacAddress":"74:25:84:c0:02:15","LstBioId":[],"DoorId":151}
2025-10-07T10:18:08+07:00 | 74:25:84:c0:02:15: [iot/server/push_biometric/74:25:84:c0:02:15] - BioID=1132, IdNumber=030094005836, FullName=Phạm Quang Hiếu
2025-10-07T10:18:09+07:00 | 74:25:84:c0:02:15: [iot/devices/device_received_bio] - Published ACK for bio 1132: {"MacAddress":"74:25:84:c0:02:15","BioId":1132,"DeviceTime":"2025-10-07T10:18:09+07:00","CmdType":"NEW_BIO"}
2025-10-07T10:18:10+07:00 | 74:25:84:c0:02:15: [iot/server/push_biometric/74:25:84:c0:02:15] - BioID=1138, IdNumber=001080048966, FullName=Nguyễn Việt Cường
2025-10-07T10:18:10+07:00 | 74:25:84:c0:02:15: [iot/devices/device_received_bio] - Published ACK for bio 1138: {"MacAddress":"74:25:84:c0:02:15","BioId":1138,"DeviceTime":"2025-10-07T10:18:10+07:00","CmdType":"NEW_BIO"}
2025-10-07T10:18:11+07:00 | 74:25:84:c0:02:15: [iot/server/push_biometric/74:25:84:c0:02:15] - BioID=1139, IdNumber=036202005601, FullName=Nguyễn Văn Minh
2025-10-07T10:18:12+07:00 | 74:25:84:c0:02:15: [iot/devices/device_received_bio] - Published ACK for bio 1139: {"MacAddress":"74:25:84:c0:02:15","BioId":1139,"DeviceTime":"2025-10-07T10:18:12+07:00","CmdType":"NEW_BIO"}
2025-10-07T10:18:13+07:00 | 74:25:84:c0:02:15: [iot/server/push_biometric/74:25:84:c0:02:15] - BioID=1154, IdNumber=051086010160, FullName=Don Nguyen
2025-10-07T10:18:14+07:00 | 74:25:84:c0:02:15: [iot/devices/device_received_bio] - Published ACK for bio 1154: {"MacAddress":"74:25:84:c0:02:15","BioId":1154,"DeviceTime":"2025-10-07T10:18:14+07:00","CmdType":"NEW_BIO"}
2025-10-07T10:18:15+07:00 | 74:25:84:c0:02:15: [iot/server/push_biometric/74:25:84:c0:02:15] - BioID=1155, IdNumber=09120931901, FullName=Hung
2025-10-07T10:18:15+07:00 | 74:25:84:c0:02:15: [iot/devices/device_received_bio] - Published ACK for bio 1155: {"MacAddress":"74:25:84:c0:02:15","BioId":1155,"DeviceTime":"2025-10-07T10:18:15+07:00","CmdType":"NEW_BIO"}
2025-10-07T10:18:16+07:00 | 74:25:84:c0:02:15: [iot/server/push_biometric/74:25:84:c0:02:15] - BioID=1158, IdNumber=189289191829, FullName=Sơn
2025-10-07T10:18:17+07:00 | 74:25:84:c0:02:15: [iot/devices/device_received_bio] - Published ACK for bio 1158: {"MacAddress":"74:25:84:c0:02:15","BioId":1158,"DeviceTime":"2025-10-07T10:18:17+07:00","CmdType":"NEW_BIO"}
2025-10-07T10:18:19+07:00 | 74:25:84:c0:02:15: [iot/server/push_biometric/74:25:84:c0:02:15] - BioID=1159, IdNumber=001084043633, FullName=Hoàng Văn Hiệp
2025-10-07T10:18:20+07:00 | 74:25:84:c0:02:15: [iot/devices/device_received_bio] - Published ACK for bio 1159: {"MacAddress":"74:25:84:c0:02:15","BioId":1159,"DeviceTime":"2025-10-07T10:18:20+07:00","CmdType":"NEW_BIO"}
2025-10-07T10:18:21+07:00 | 74:25:84:c0:02:15: [iot/server/push_biometric/74:25:84:c0:02:15] - BioID=1160, IdNumber=9819821981, FullName=Nguyễn Văn Quý
2025-10-07T10:18:22+07:00 | 74:25:84:c0:02:15: [iot/devices/device_received_bio] - Published ACK for bio 1160: {"MacAddress":"74:25:84:c0:02:15","BioId":1160,"DeviceTime":"2025-10-07T10:18:22+07:00","CmdType":"NEW_BIO"}
2025-10-07T10:18:23+07:00 | 74:25:84:c0:02:15: [iot/server/push_biometric/74:25:84:c0:02:15] - BioID=1168, IdNumber=030094005836, FullName=Phạm Quang Hiếu
2025-10-07T10:18:24+07:00 | 74:25:84:c0:02:15: [iot/devices/device_received_bio] - Published ACK for bio 1168: {"MacAddress":"74:25:84:c0:02:15","BioId":1168,"DeviceTime":"2025-10-07T10:18:24+07:00","CmdType":"NEW_BIO"}
2025-10-07T10:18:25+07:00 | 74:25:84:c0:02:15: [iot/devices/device_sync_bio] - {"MacAddress":"74:25:84:c0:02:15","LstBioId":[1160,1168,1132,1138,1139,1154,1158,1159,1155],"DoorId":151}
2025-10-07T10:18:26+07:00 | 74:25:84:c0:02:15: [iot/server/push_biometric/74:25:84:c0:02:15] - BioID=1169, IdNumber=030081000022, FullName=La The Vinh
2025-10-07T10:18:26+07:00 | 74:25:84:c0:02:15: [iot/devices/device_received_bio] - Published ACK for bio 1169: {"MacAddress":"74:25:84:c0:02:15","BioId":1169,"DeviceTime":"2025-10-07T10:18:26+07:00","CmdType":"NEW_BIO"}
2025-10-07T10:18:27+07:00 | 74:25:84:c0:02:15: [iot/server/push_biometric/74:25:84:c0:02:15] - BioID=1170, IdNumber=044202004037, FullName=Mai Xuan Ngoc
2025-10-07T10:18:28+07:00 | 74:25:84:c0:02:15: [iot/devices/device_received_bio] - Published ACK for bio 1170: {"MacAddress":"74:25:84:c0:02:15","BioId":1170,"DeviceTime":"2025-10-07T10:18:28+07:00","CmdType":"NEW_BIO"}
2025-10-07T10:18:29+07:00 | 74:25:84:c0:02:15: [iot/server/push_biometric/74:25:84:c0:02:15] - BioID=1171, IdNumber=027201004495, FullName=Nguyễn Thái Tân 
2025-10-07T10:18:30+07:00 | 74:25:84:c0:02:15: [iot/devices/device_received_bio] - Published ACK for bio 1171: {"MacAddress":"74:25:84:c0:02:15","BioId":1171,"DeviceTime":"2025-10-07T10:18:30+07:00","CmdType":"NEW_BIO"}
2025-10-07T10:18:31+07:00 | 74:25:84:c0:02:15: [iot/server/push_biometric/74:25:84:c0:02:15] - BioID=1172, IdNumber=038085001234, FullName=Hoàng Văn Dũng
2025-10-07T10:18:31+07:00 | 74:25:84:c0:02:15: [iot/devices/device_received_bio] - Published ACK for bio 1172: {"MacAddress":"74:25:84:c0:02:15","BioId":1172,"DeviceTime":"2025-10-07T10:18:31+07:00","CmdType":"NEW_BIO"}
2025-10-07T10:18:33+07:00 | 74:25:84:c0:02:15: [iot/server/push_biometric/74:25:84:c0:02:15] - BioID=1173, IdNumber=024086000311, FullName=Lê Xuân Quỳnh
2025-10-07T10:18:33+07:00 | 74:25:84:c0:02:15: [iot/devices/device_received_bio] - Published ACK for bio 1173: {"MacAddress":"74:25:84:c0:02:15","BioId":1173,"DeviceTime":"2025-10-07T10:18:33+07:00","CmdType":"NEW_BIO"}
2025-10-07T10:18:34+07:00 | 74:25:84:c0:02:15: [iot/server/push_biometric/74:25:84:c0:02:15] - BioID=1174, IdNumber=034081000027, FullName=Trần Văn Hải
2025-10-07T10:18:35+07:00 | 74:25:84:c0:02:15: [iot/devices/device_received_bio] - Published ACK for bio 1174: {"MacAddress":"74:25:84:c0:02:15","BioId":1174,"DeviceTime":"2025-10-07T10:18:35+07:00","CmdType":"NEW_BIO"}
2025-10-07T10:18:55+07:00 | 74:25:84:c0:02:15: [iot/devices/device_sync_bio] - {"MacAddress":"74:25:84:c0:02:15","LstBioId":[1132,1139,1169,1170,1155,1171,1174,1138,1154,1158,1159,1172,1173,1160,1168],"DoorId":151}
2025-10-07T10:19:25+07:00 | 74:25:84:c0:02:15: [iot/devices/device_sync_bio] - {"MacAddress":"74:25:84:c0:02:15","LstBioId":[1155,1171,1174,1138,1154,1158,1159,1172,1173,1160,1168,1132,1139,1169,1170],"DoorId":151}
2025-10-07T10:19:30+07:00 | 74:25:84:c0:02:15: [iot/server/push_biometric/74:25:84:c0:02:15] - BioID=1132, IdNumber=030094005836, FullName=Phạm Quang Hiếu
2025-10-07T10:19:31+07:00 | 74:25:84:c0:02:15: [iot/devices/device_received_bio] - Published ACK for bio 1132: {"MacAddress":"74:25:84:c0:02:15","BioId":1132,"DeviceTime":"2025-10-07T10:19:31+07:00","CmdType":"NEW_BIO"}
2025-10-07T10:19:32+07:00 | 74:25:84:c0:02:15: [iot/server/push_biometric/74:25:84:c0:02:15] - BioID=1138, IdNumber=001080048966, FullName=Nguyễn Việt Cường
2025-10-07T10:19:32+07:00 | 74:25:84:c0:02:15: [iot/devices/device_received_bio] - Published ACK for bio 1138: {"MacAddress":"74:25:84:c0:02:15","BioId":1138,"DeviceTime":"2025-10-07T10:19:32+07:00","CmdType":"NEW_BIO"}
2025-10-07T10:19:33+07:00 | 74:25:84:c0:02:15: [iot/server/push_biometric/74:25:84:c0:02:15] - BioID=1139, IdNumber=036202005601, FullName=Nguyễn Văn Minh
2025-10-07T10:19:34+07:00 | 74:25:84:c0:02:15: [iot/devices/device_received_bio] - Published ACK for bio 1139: {"MacAddress":"74:25:84:c0:02:15","BioId":1139,"DeviceTime":"2025-10-07T10:19:34+07:00","CmdType":"NEW_BIO"}
2025-10-07T10:19:36+07:00 | 74:25:84:c0:02:15: [iot/server/push_biometric/74:25:84:c0:02:15] - BioID=1154, IdNumber=051086010160, FullName=Don Nguyen
2025-10-07T10:19:36+07:00 | 74:25:84:c0:02:15: [iot/devices/device_received_bio] - Published ACK for bio 1154: {"MacAddress":"74:25:84:c0:02:15","BioId":1154,"DeviceTime":"2025-10-07T10:19:36+07:00","CmdType":"NEW_BIO"}
2025-10-07T10:19:38+07:00 | 74:25:84:c0:02:15: [iot/server/push_biometric/74:25:84:c0:02:15] - BioID=1155, IdNumber=09120931901, FullName=Hung
2025-10-07T10:19:38+07:00 | 74:25:84:c0:02:15: [iot/devices/device_received_bio] - Published ACK for bio 1155: {"MacAddress":"74:25:84:c0:02:15","BioId":1155,"DeviceTime":"2025-10-07T10:19:38+07:00","CmdType":"NEW_BIO"}
2025-10-07T10:19:40+07:00 | 74:25:84:c0:02:15: [iot/server/push_biometric/74:25:84:c0:02:15] - BioID=1158, IdNumber=189289191829, FullName=Sơn
2025-10-07T10:19:40+07:00 | 74:25:84:c0:02:15: [iot/devices/device_received_bio] - Published ACK for bio 1158: {"MacAddress":"74:25:84:c0:02:15","BioId":1158,"DeviceTime":"2025-10-07T10:19:40+07:00","CmdType":"NEW_BIO"}
2025-10-07T10:19:43+07:00 | 74:25:84:c0:02:15: [iot/server/push_biometric/74:25:84:c0:02:15] - BioID=1159, IdNumber=001084043633, FullName=Hoàng Văn Hiệp
2025-10-07T10:19:43+07:00 | 74:25:84:c0:02:15: [iot/devices/device_received_bio] - Published ACK for bio 1159: {"MacAddress":"74:25:84:c0:02:15","BioId":1159,"DeviceTime":"2025-10-07T10:19:43+07:00","CmdType":"NEW_BIO"}
2025-10-07T10:19:45+07:00 | 74:25:84:c0:02:15: [iot/server/push_biometric/74:25:84:c0:02:15] - BioID=1160, IdNumber=9819821981, FullName=Nguyễn Văn Quý
2025-10-07T10:19:45+07:00 | 74:25:84:c0:02:15: [iot/devices/device_received_bio] - Published ACK for bio 1160: {"MacAddress":"74:25:84:c0:02:15","BioId":1160,"DeviceTime":"2025-10-07T10:19:45+07:00","CmdType":"NEW_BIO"}
2025-10-07T10:19:46+07:00 | 74:25:84:c0:02:15: [iot/server/push_biometric/74:25:84:c0:02:15] - BioID=1168, IdNumber=030094005836, FullName=Phạm Quang Hiếu
2025-10-07T10:19:47+07:00 | 74:25:84:c0:02:15: [iot/devices/device_received_bio] - Published ACK for bio 1168: {"MacAddress":"74:25:84:c0:02:15","BioId":1168,"DeviceTime":"2025-10-07T10:19:47+07:00","CmdType":"NEW_BIO"}
2025-10-07T10:19:48+07:00 | 74:25:84:c0:02:15: [iot/server/push_biometric/74:25:84:c0:02:15] - BioID=1169, IdNumber=030081000022, FullName=La The Vinh
2025-10-07T10:19:48+07:00 | 74:25:84:c0:02:15: [iot/devices/device_received_bio] - Published ACK for bio 1169: {"MacAddress":"74:25:84:c0:02:15","BioId":1169,"DeviceTime":"2025-10-07T10:19:48+07:00","CmdType":"NEW_BIO"}
2025-10-07T10:19:49+07:00 | 74:25:84:c0:02:15: [iot/server/push_biometric/74:25:84:c0:02:15] - BioID=1170, IdNumber=044202004037, FullName=Mai Xuan Ngoc
2025-10-07T10:19:50+07:00 | 74:25:84:c0:02:15: [iot/devices/device_received_bio] - Published ACK for bio 1170: {"MacAddress":"74:25:84:c0:02:15","BioId":1170,"DeviceTime":"2025-10-07T10:19:50+07:00","CmdType":"NEW_BIO"}
2025-10-07T10:19:51+07:00 | 74:25:84:c0:02:15: [iot/server/push_biometric/74:25:84:c0:02:15] - BioID=1171, IdNumber=027201004495, FullName=Nguyễn Thái Tân 
2025-10-07T10:19:52+07:00 | 74:25:84:c0:02:15: [iot/devices/device_received_bio] - Published ACK for bio 1171: {"MacAddress":"74:25:84:c0:02:15","BioId":1171,"DeviceTime":"2025-10-07T10:19:52+07:00","CmdType":"NEW_BIO"}
2025-10-07T10:19:53+07:00 | 74:25:84:c0:02:15: [iot/server/push_biometric/74:25:84:c0:02:15] - BioID=1172, IdNumber=038085001234, FullName=Hoàng Văn Dũng
2025-10-07T10:19:53+07:00 | 74:25:84:c0:02:15: [iot/devices/device_received_bio] - Published ACK for bio 1172: {"MacAddress":"74:25:84:c0:02:15","BioId":1172,"DeviceTime":"2025-10-07T10:19:53+07:00","CmdType":"NEW_BIO"}
2025-10-07T10:19:55+07:00 | 74:25:84:c0:02:15: [iot/server/push_biometric/74:25:84:c0:02:15] - BioID=1173, IdNumber=024086000311, FullName=Lê Xuân Quỳnh
2025-10-07T10:19:55+07:00 | 74:25:84:c0:02:15: [iot/devices/device_received_bio] - Published ACK for bio 1173: {"MacAddress":"74:25:84:c0:02:15","BioId":1173,"DeviceTime":"2025-10-07T10:19:55+07:00","CmdType":"NEW_BIO"}
2025-10-07T10:19:55+07:00 | 74:25:84:c0:02:15: [iot/devices/device_sync_bio] - {"MacAddress":"74:25:84:c0:02:15","LstBioId":[1171,1174,1138,1154,1158,1159,1172,1173,1160,1168,1132,1139,1169,1170,1155],"DoorId":151}
2025-10-07T10:19:56+07:00 | 74:25:84:c0:02:15: [iot/server/push_biometric/74:25:84:c0:02:15] - BioID=1174, IdNumber=034081000027, FullName=Trần Văn Hải
2025-10-07T10:19:57+07:00 | 74:25:84:c0:02:15: [iot/devices/device_received_bio] - Published ACK for bio 1174: {"MacAddress":"74:25:84:c0:02:15","BioId":1174,"DeviceTime":"2025-10-07T10:19:57+07:00","CmdType":"NEW_BIO"}
2025-10-07T10:20:25+07:00 | 74:25:84:c0:02:15: [iot/devices/device_sync_bio] - {"MacAddress":"74:25:84:c0:02:15","LstBioId":[1132,1139,1169,1170,1155,1171,1174,1138,1154,1158,1159,1172,1173,1160,1168],"DoorId":151}
2025-10-07T10:20:53+07:00 | 74:25:84:c0:02:15: [iot/server/push_biometric/74:25:84:c0:02:15] - BioID=1132, IdNumber=030094005836, FullName=Phạm Quang Hiếu
2025-10-07T10:20:54+07:00 | 74:25:84:c0:02:15: [iot/devices/device_received_bio] - Published ACK for bio 1132: {"MacAddress":"74:25:84:c0:02:15","BioId":1132,"DeviceTime":"2025-10-07T10:20:54+07:00","CmdType":"NEW_BIO"}
2025-10-07T10:20:55+07:00 | 74:25:84:c0:02:15: [iot/server/push_biometric/74:25:84:c0:02:15] - BioID=1138, IdNumber=001080048966, FullName=Nguyễn Việt Cường
2025-10-07T10:20:55+07:00 | 74:25:84:c0:02:15: [iot/devices/device_sync_bio] - {"MacAddress":"74:25:84:c0:02:15","LstBioId":[1132,1139,1169,1170,1155,1171,1174,1138,1154,1158,1159,1172,1173,1160,1168],"DoorId":151}
2025-10-07T10:20:55+07:00 | 74:25:84:c0:02:15: [iot/devices/device_received_bio] - Published ACK for bio 1138: {"MacAddress":"74:25:84:c0:02:15","BioId":1138,"DeviceTime":"2025-10-07T10:20:55+07:00","CmdType":"NEW_BIO"}
2025-10-07T10:20:57+07:00 | 74:25:84:c0:02:15: [iot/server/push_biometric/74:25:84:c0:02:15] - BioID=1139, IdNumber=036202005601, FullName=Nguyễn Văn Minh
2025-10-07T10:20:57+07:00 | 74:25:84:c0:02:15: [iot/devices/device_received_bio] - Published ACK for bio 1139: {"MacAddress":"74:25:84:c0:02:15","BioId":1139,"DeviceTime":"2025-10-07T10:20:57+07:00","CmdType":"NEW_BIO"}
2025-10-07T10:20:58+07:00 | 74:25:84:c0:02:15: [iot/server/push_biometric/74:25:84:c0:02:15] - BioID=1154, IdNumber=051086010160, FullName=Don Nguyen
2025-10-07T10:20:59+07:00 | 74:25:84:c0:02:15: [iot/devices/device_received_bio] - Published ACK for bio 1154: {"MacAddress":"74:25:84:c0:02:15","BioId":1154,"DeviceTime":"2025-10-07T10:20:59+07:00","CmdType":"NEW_BIO"}
2025-10-07T10:21:00+07:00 | 74:25:84:c0:02:15: [iot/server/push_biometric/74:25:84:c0:02:15] - BioID=1155, IdNumber=09120931901, FullName=Hung
2025-10-07T10:21:01+07:00 | 74:25:84:c0:02:15: [iot/devices/device_received_bio] - Published ACK for bio 1155: {"MacAddress":"74:25:84:c0:02:15","BioId":1155,"DeviceTime":"2025-10-07T10:21:01+07:00","CmdType":"NEW_BIO"}
2025-10-07T10:21:02+07:00 | 74:25:84:c0:02:15: [iot/server/push_biometric/74:25:84:c0:02:15] - BioID=1158, IdNumber=189289191829, FullName=Sơn
2025-10-07T10:21:02+07:00 | 74:25:84:c0:02:15: [iot/devices/device_received_bio] - Published ACK for bio 1158: {"MacAddress":"74:25:84:c0:02:15","BioId":1158,"DeviceTime":"2025-10-07T10:21:02+07:00","CmdType":"NEW_BIO"}
2025-10-07T10:21:05+07:00 | 74:25:84:c0:02:15: [iot/server/push_biometric/74:25:84:c0:02:15] - BioID=1159, IdNumber=001084043633, FullName=Hoàng Văn Hiệp
2025-10-07T10:21:05+07:00 | 74:25:84:c0:02:15: [iot/devices/device_received_bio] - Published ACK for bio 1159: {"MacAddress":"74:25:84:c0:02:15","BioId":1159,"DeviceTime":"2025-10-07T10:21:05+07:00","CmdType":"NEW_BIO"}
2025-10-07T10:21:06+07:00 | 74:25:84:c0:02:15: [iot/server/push_biometric/74:25:84:c0:02:15] - BioID=1160, IdNumber=9819821981, FullName=Nguyễn Văn Quý
2025-10-07T10:21:07+07:00 | 74:25:84:c0:02:15: [iot/devices/device_received_bio] - Published ACK for bio 1160: {"MacAddress":"74:25:84:c0:02:15","BioId":1160,"DeviceTime":"2025-10-07T10:21:07+07:00","CmdType":"NEW_BIO"}
2025-10-07T10:21:08+07:00 | 74:25:84:c0:02:15: [iot/server/push_biometric/74:25:84:c0:02:15] - BioID=1168, IdNumber=030094005836, FullName=Phạm Quang Hiếu
2025-10-07T10:21:08+07:00 | 74:25:84:c0:02:15: [iot/devices/device_received_bio] - Published ACK for bio 1168: {"MacAddress":"74:25:84:c0:02:15","BioId":1168,"DeviceTime":"2025-10-07T10:21:08+07:00","CmdType":"NEW_BIO"}
2025-10-07T10:21:09+07:00 | 74:25:84:c0:02:15: [iot/server/push_biometric/74:25:84:c0:02:15] - BioID=1169, IdNumber=030081000022, FullName=La The Vinh
2025-10-07T10:21:10+07:00 | 74:25:84:c0:02:15: [iot/devices/device_received_bio] - Published ACK for bio 1169: {"MacAddress":"74:25:84:c0:02:15","BioId":1169,"DeviceTime":"2025-10-07T10:21:10+07:00","CmdType":"NEW_BIO"}
2025-10-07T10:21:11+07:00 | 74:25:84:c0:02:15: [iot/server/push_biometric/74:25:84:c0:02:15] - BioID=1170, IdNumber=044202004037, FullName=Mai Xuan Ngoc
2025-10-07T10:21:12+07:00 | 74:25:84:c0:02:15: [iot/devices/device_received_bio] - Published ACK for bio 1170: {"MacAddress":"74:25:84:c0:02:15","BioId":1170,"DeviceTime":"2025-10-07T10:21:11+07:00","CmdType":"NEW_BIO"}
2025-10-07T10:21:13+07:00 | 74:25:84:c0:02:15: [iot/server/push_biometric/74:25:84:c0:02:15] - BioID=1171, IdNumber=027201004495, FullName=Nguyễn Thái Tân 
2025-10-07T10:21:13+07:00 | 74:25:84:c0:02:15: [iot/devices/device_received_bio] - Published ACK for bio 1171: {"MacAddress":"74:25:84:c0:02:15","BioId":1171,"DeviceTime":"2025-10-07T10:21:13+07:00","CmdType":"NEW_BIO"}
2025-10-07T10:21:14+07:00 | 74:25:84:c0:02:15: [iot/server/push_biometric/74:25:84:c0:02:15] - BioID=1172, IdNumber=038085001234, FullName=Hoàng Văn Dũng
2025-10-07T10:21:15+07:00 | 74:25:84:c0:02:15: [iot/devices/device_received_bio] - Published ACK for bio 1172: {"MacAddress":"74:25:84:c0:02:15","BioId":1172,"DeviceTime":"2025-10-07T10:21:15+07:00","CmdType":"NEW_BIO"}
2025-10-07T10:21:16+07:00 | 74:25:84:c0:02:15: [iot/server/push_biometric/74:25:84:c0:02:15] - BioID=1173, IdNumber=024086000311, FullName=Lê Xuân Quỳnh
2025-10-07T10:21:17+07:00 | 74:25:84:c0:02:15: [iot/devices/device_received_bio] - Published ACK for bio 1173: {"MacAddress":"74:25:84:c0:02:15","BioId":1173,"DeviceTime":"2025-10-07T10:21:17+07:00","CmdType":"NEW_BIO"}
2025-10-07T10:21:18+07:00 | 74:25:84:c0:02:15: [iot/server/push_biometric/74:25:84:c0:02:15] - BioID=1174, IdNumber=034081000027, FullName=Trần Văn Hải
2025-10-07T10:21:18+07:00 | 74:25:84:c0:02:15: [iot/devices/device_received_bio] - Published ACK for bio 1174: {"MacAddress":"74:25:84:c0:02:15","BioId":1174,"DeviceTime":"2025-10-07T10:21:18+07:00","CmdType":"NEW_BIO"}
2025-10-07T10:21:25+07:00 | 74:25:84:c0:02:15: [iot/devices/device_sync_bio] - {"MacAddress":"74:25:84:c0:02:15","LstBioId":[1171,1174,1138,1154,1158,1159,1172,1173,1160,1168,1132,1139,1169,1170,1155],"DoorId":151}
